0 verbose cli /opt/homebrew/Cellar/node/25.1.0_1/bin/node /opt/homebrew/lib/node_modules/npm/bin/npm-cli.js
1 info using npm@11.6.2
2 info using node@v25.1.0
3 silly config load:file:/opt/homebrew/lib/node_modules/npm/npmrc
4 silly config load:file:/Users/jpb002r/Library/CloudStorage/OneDrive-WalmartInc/Work/prompting session/blog-site/.npmrc
5 silly config load:file:/opt/homebrew/etc/npmrc
6 verbose title npm exec shadcn-ui@latest init --defaults
7 verbose argv "exec" "--" "shadcn-ui@latest" "init" "--defaults"
8 verbose logfile logs-max:10 dir:/Users/jpb002r/Library/CloudStorage/OneDrive-WalmartInc/Work/prompting session/blog-site/.npm_cache/_logs/2025-11-11T05_19_04_423Z-
9 verbose logfile /Users/jpb002r/Library/CloudStorage/OneDrive-WalmartInc/Work/prompting session/blog-site/.npm_cache/_logs/2025-11-11T05_19_04_423Z-debug-0.log
10 silly logfile done cleaning log files
11 silly packumentCache heap:4496293888 maxSize:1124073472 maxEntrySize:562036736
12 http fetch GET 200 https://registry.npmjs.org/shadcn-ui 84ms (cache miss)
13 silly packumentCache heap:4496293888 maxSize:1124073472 maxEntrySize:562036736
14 http fetch GET 200 https://registry.npmjs.org/npm 166ms
15 silly packumentCache heap:4496293888 maxSize:1124073472 maxEntrySize:562036736
16 warn exec The following package was not found and will be installed: shadcn-ui@0.9.5
17 silly idealTree buildDeps
18 silly fetch manifest shadcn-ui@0.9.5
19 silly packumentCache full:https://registry.npmjs.org/shadcn-ui cache-miss
20 http fetch GET 200 https://registry.npmjs.org/shadcn-ui 67ms (cache miss)
21 silly packumentCache full:https://registry.npmjs.org/shadcn-ui set size:undefined disposed:false
22 silly placeDep ROOT shadcn-ui@0.9.5 OK for:  want: 0.9.5
23 silly fetch manifest chalk@^5.4.1
24 silly packumentCache full:https://registry.npmjs.org/chalk cache-miss
25 http fetch GET 200 https://registry.npmjs.org/chalk 37ms (cache miss)
26 silly packumentCache full:https://registry.npmjs.org/chalk set size:undefined disposed:false
27 silly placeDep ROOT chalk@5.6.2 OK for: shadcn-ui@0.9.5 want: ^5.4.1
28 silly reify moves {}
29 silly audit bulk request { 'shadcn-ui': [ '0.9.5' ], chalk: [ '5.6.2' ] }
30 http cache chalk@https://registry.npmjs.org/chalk/-/chalk-5.6.2.tgz 0ms (cache hit)
31 http cache shadcn-ui@https://registry.npmjs.org/shadcn-ui/-/shadcn-ui-0.9.5.tgz 0ms (cache hit)
32 silly tarball no local data for chalk@https://registry.npmjs.org/chalk/-/chalk-5.6.2.tgz. Extracting by manifest.
33 silly tarball no local data for shadcn-ui@https://registry.npmjs.org/shadcn-ui/-/shadcn-ui-0.9.5.tgz. Extracting by manifest.
34 http fetch GET 200 https://registry.npmjs.org/chalk/-/chalk-5.6.2.tgz 38ms (cache miss)
35 http fetch GET 200 https://registry.npmjs.org/shadcn-ui/-/shadcn-ui-0.9.5.tgz 75ms (cache miss)
36 http fetch POST 200 https://registry.npmjs.org/-/npm/v1/security/advisories/bulk 271ms
37 silly audit report {}
38 verbose cwd /Users/jpb002r/Library/CloudStorage/OneDrive-WalmartInc/Work/prompting session/blog-site
39 verbose os Darwin 24.6.0
40 verbose node v25.1.0
41 verbose npm  v11.6.2
42 verbose exit 0
43 info ok
